[debug] [2024-10-11T10:04:45.795Z] ----------------------------------------------------------------------
[debug] [2024-10-11T10:04:45.799Z] Command:       C:\Program Files\nodejs\node.exe C:\Users\guillaume\AppData\Roaming\npm\node_modules\firebase-tools\lib\bin\firebase.js init
[debug] [2024-10-11T10:04:45.799Z] CLI Version:   13.22.0
[debug] [2024-10-11T10:04:45.799Z] Platform:      win32
[debug] [2024-10-11T10:04:45.799Z] Node Version:  v20.18.0
[debug] [2024-10-11T10:04:45.800Z] Time:          Fri Oct 11 2024 12:04:45 GMT+0200 (heure d’été d’Europe centrale)
[debug] [2024-10-11T10:04:45.800Z] ----------------------------------------------------------------------
[debug] 
[debug] [2024-10-11T10:04:45.808Z] > command requires scopes: ["email","openid","https://www.googleapis.com/auth/cloudplatformprojects.readonly","https://www.googleapis.com/auth/firebase","https://www.googleapis.com/auth/cloud-platform"]
[debug] [2024-10-11T10:04:45.809Z] > authorizing via signed-in user (glandriu.free@gmail.com)
[info] 
     ######## #### ########  ######## ########     ###     ######  ########
     ##        ##  ##     ## ##       ##     ##  ##   ##  ##       ##
     ######    ##  ########  ######   ########  #########  ######  ######
     ##        ##  ##    ##  ##       ##     ## ##     ##       ## ##
     ##       #### ##     ## ######## ########  ##     ##  ######  ########

You're about to initialize a Firebase project in this directory:

  C:\Users\guillaume\source\spy\psy-etude-front

[info] 
=== Project Setup
[info] 
[info] First, let's associate this project directory with a Firebase project.
[info] You can create multiple project aliases by running firebase use --add, 
[info] but for now we'll just set up a default project.
[info] 
[debug] [2024-10-11T10:05:23.869Z] Checked if tokens are valid: false, expires at: 1552511550711
[debug] [2024-10-11T10:05:23.870Z] Checked if tokens are valid: false, expires at: 1552511550711
[debug] [2024-10-11T10:05:23.870Z] > refreshing access token with scopes: []
[debug] [2024-10-11T10:05:23.876Z] >>> [apiv2][query] POST https://www.googleapis.com/oauth2/v3/token [none]
[debug] [2024-10-11T10:05:23.876Z] >>> [apiv2][body] POST https://www.googleapis.com/oauth2/v3/token [omitted]
[debug] [2024-10-11T10:05:24.076Z] <<< [apiv2][status] POST https://www.googleapis.com/oauth2/v3/token 400
[debug] [2024-10-11T10:05:24.077Z] <<< [apiv2][body] POST https://www.googleapis.com/oauth2/v3/token [omitted]
[debug] [2024-10-11T10:05:24.078Z] >>> [apiv2][query] GET https://firebase.googleapis.com/v1beta1/projects pageSize=100
[debug] [2024-10-11T10:05:24.179Z] <<< [apiv2][status] GET https://firebase.googleapis.com/v1beta1/projects 401
[debug] [2024-10-11T10:05:24.179Z] <<< [apiv2][body] GET https://firebase.googleapis.com/v1beta1/projects [omitted]
[debug] [2024-10-11T10:05:24.179Z] Got a 401 Unauthenticated error for a call that required authentication. Refreshing tokens.
[debug] [2024-10-11T10:05:24.180Z] Checked if tokens are valid: false, expires at: 1552511550711
[debug] [2024-10-11T10:05:24.180Z] Checked if tokens are valid: false, expires at: 1552511550711
[debug] [2024-10-11T10:05:24.180Z] > refreshing access token with scopes: []
[debug] [2024-10-11T10:05:24.181Z] >>> [apiv2][query] POST https://www.googleapis.com/oauth2/v3/token [none]
[debug] [2024-10-11T10:05:24.181Z] >>> [apiv2][body] POST https://www.googleapis.com/oauth2/v3/token [omitted]
[debug] [2024-10-11T10:05:24.227Z] <<< [apiv2][status] POST https://www.googleapis.com/oauth2/v3/token 400
[debug] [2024-10-11T10:05:24.228Z] <<< [apiv2][body] POST https://www.googleapis.com/oauth2/v3/token [omitted]
[debug] [2024-10-11T10:05:24.230Z] HTTP Error: 401, Request had invalid authentication credentials. Expected OAuth 2 access token, login cookie or other valid authentication credential. See https://developers.google.com/identity/sign-in/web/devconsole-project.
[debug] [2024-10-11T10:05:24.232Z] fire2 access token, login cookie or other valid authentication credential. See https://developers.google.com/identity/sign-in/web/devconsole-project.
    at responseToError (C:\Users\guillaume\AppData\Roaming\npm\node_modules\firebase-tools\lib\responseToError.js:49:12)
    at RetryOperation._fn (C:\Users\guillaume\AppData\Roaming\npm\node_modules\firebase-tools\lib\apiv2.js:312:77)
    at process.processTicksAndRejections (node:internal/process/task_queues:95:5)
[error] 
[error] Error: Failed to list Firebase projects. See firebase-debug.log for more info.
[debug] [2024-10-11T10:10:46.714Z] ----------------------------------------------------------------------
[debug] [2024-10-11T10:10:46.718Z] Command:       C:\Program Files\nodejs\node.exe C:\Users\guillaume\AppData\Roaming\npm\node_modules\firebase-tools\lib\bin\firebase.js init
[debug] [2024-10-11T10:10:46.718Z] CLI Version:   13.22.0
[debug] [2024-10-11T10:10:46.718Z] Platform:      win32
[debug] [2024-10-11T10:10:46.719Z] Node Version:  v20.18.0
[debug] [2024-10-11T10:10:46.719Z] Time:          Fri Oct 11 2024 12:10:46 GMT+0200 (heure d’été d’Europe centrale)
[debug] [2024-10-11T10:10:46.719Z] ----------------------------------------------------------------------
[debug] 
[debug] [2024-10-11T10:10:46.729Z] > command requires scopes: ["email","openid","https://www.googleapis.com/auth/cloudplatformprojects.readonly","https://www.googleapis.com/auth/firebase","https://www.googleapis.com/auth/cloud-platform"]
[debug] [2024-10-11T10:10:46.729Z] > authorizing via signed-in user (glandriu.free@gmail.com)
[info] 
     ######## #### ########  ######## ########     ###     ######  ########
     ##        ##  ##     ## ##       ##     ##  ##   ##  ##       ##
     ######    ##  ########  ######   ########  #########  ######  ######
     ##        ##  ##    ##  ##       ##     ## ##     ##       ## ##
     ##       #### ##     ## ######## ########  ##     ##  ######  ########

You're about to initialize a Firebase project in this directory:

  C:\Users\guillaume\source\spy\psy-etude-front

[info] 
=== Project Setup
[info] 
[info] First, let's associate this project directory with a Firebase project.
[info] You can create multiple project aliases by running firebase use --add, 
[info] but for now we'll just set up a default project.
[info] 
[debug] [2024-10-11T10:11:06.498Z] Checked if tokens are valid: false, expires at: 1552511550711
[debug] [2024-10-11T10:11:06.499Z] Checked if tokens are valid: false, expires at: 1552511550711
[debug] [2024-10-11T10:11:06.499Z] > refreshing access token with scopes: []
[debug] [2024-10-11T10:11:06.501Z] >>> [apiv2][query] POST https://www.googleapis.com/oauth2/v3/token [none]
[debug] [2024-10-11T10:11:06.502Z] >>> [apiv2][body] POST https://www.googleapis.com/oauth2/v3/token [omitted]
[debug] [2024-10-11T10:11:06.671Z] <<< [apiv2][status] POST https://www.googleapis.com/oauth2/v3/token 400
[debug] [2024-10-11T10:11:06.671Z] <<< [apiv2][body] POST https://www.googleapis.com/oauth2/v3/token [omitted]
[debug] [2024-10-11T10:11:06.672Z] >>> [apiv2][query] GET https://firebase.googleapis.com/v1beta1/projects pageSize=100
[debug] [2024-10-11T10:11:06.765Z] <<< [apiv2][status] GET https://firebase.googleapis.com/v1beta1/projects 401
[debug] [2024-10-11T10:11:06.765Z] <<< [apiv2][body] GET https://firebase.googleapis.com/v1beta1/projects [omitted]
[debug] [2024-10-11T10:11:06.765Z] Got a 401 Unauthenticated error for a call that required authentication. Refreshing tokens.
[debug] [2024-10-11T10:11:06.765Z] Checked if tokens are valid: false, expires at: 1552511550711
[debug] [2024-10-11T10:11:06.765Z] Checked if tokens are valid: false, expires at: 1552511550711
[debug] [2024-10-11T10:11:06.766Z] > refreshing access token with scopes: []
[debug] [2024-10-11T10:11:06.766Z] >>> [apiv2][query] POST https://www.googleapis.com/oauth2/v3/token [none]
[debug] [2024-10-11T10:11:06.767Z] >>> [apiv2][body] POST https://www.googleapis.com/oauth2/v3/token [omitted]
[debug] [2024-10-11T10:11:06.806Z] <<< [apiv2][status] POST https://www.googleapis.com/oauth2/v3/token 400
[debug] [2024-10-11T10:11:06.807Z] <<< [apiv2][body] POST https://www.googleapis.com/oauth2/v3/token [omitted]
[debug] [2024-10-11T10:11:06.809Z] HTTP Error: 401, Request had invalid authentication credentials. Expected OAuth 2 access token, login cookie or other valid authentication credential. See https://developers.google.com/identity/sign-in/web/devconsole-project.
[debug] [2024-10-11T10:11:06.811Z] FirebaseError: HTTP Error: 401, Request had invalid authentication credentials. Expected OAuth 2 access token, login cookie or other valid authentication credential. See https://developers.google.com/identity/sign-in/web/devconsole-project.
    at responseToError (C:\Users\guillaume\AppData\Roaming\npm\node_modules\firebase-tools\lib\responseToError.js:49:12)
    at RetryOperation._fn (C:\Users\guillaume\AppData\Roaming\npm\node_modules\firebase-tools\lib\apiv2.js:312:77)
    at process.processTicksAndRejections (node:internal/process/task_queues:95:5)
[error] 
[error] Error: Failed to list Firebase projects. See firebase-debug.log for more info.
